[ERROR] strlen(): Passing null to parameter #1 ($string) of type string is deprecated in C:\xampp\htdocs\www\proyectos\condominium-system\app\Controllers\Validation\Validator.php on line 56
[ERROR] strlen(): Passing null to parameter #1 ($string) of type string is deprecated in C:\xampp\htdocs\www\proyectos\condominium-system\app\Controllers\Validation\Validator.php on line 56
[ERROR] preg_match(): Passing null to parameter #2 ($subject) of type string is deprecated in C:\xampp\htdocs\www\proyectos\condominium-system\app\Controllers\Validation\Validator.php on line 76
[ERROR] strlen(): Passing null to parameter #1 ($string) of type string is deprecated in C:\xampp\htdocs\www\proyectos\condominium-system\app\Controllers\Validation\Validator.php on line 56
====================================
{
    "httpMethod": "POST",
    "code": "HY093",
    "sqlState": "HY093",
    "sqlMessage": 0,
    "line": 69,
    "message": "SQLSTATE[HY093]: Invalid parameter number: number of bound variables does not match number of tokens",
    "pdoCode": null,
    "file": "C:\\xampp\\htdocs\\www\\proyectos\\condominium-system\\core\\Database\\Connection.php",
    "className": "App\\Controllers\\UserController",
    "methodName": "App\\Controllers\\UserController::update",
    "timestamp": "2024-10-24 21:09:55"
}
[ERROR] strlen(): Passing null to parameter #1 ($string) of type string is deprecated in C:\xampp\htdocs\www\proyectos\condominium-system\app\Controllers\Validation\Validator.php on line 56
[ERROR] strlen(): Passing null to parameter #1 ($string) of type string is deprecated in C:\xampp\htdocs\www\proyectos\condominium-system\app\Controllers\Validation\Validator.php on line 56
[ERROR] strlen(): Passing null to parameter #1 ($string) of type string is deprecated in C:\xampp\htdocs\www\proyectos\condominium-system\app\Controllers\Validation\Validator.php on line 56
====================================
{
    "httpMethod": "POST",
    "code": "HY093",
    "sqlState": "HY093",
    "sqlMessage": 0,
    "line": 69,
    "message": "SQLSTATE[HY093]: Invalid parameter number: number of bound variables does not match number of tokens",
    "pdoCode": null,
    "file": "C:\\xampp\\htdocs\\www\\proyectos\\condominium-system\\core\\Database\\Connection.php",
    "className": "App\\Controllers\\UserController",
    "methodName": "App\\Controllers\\UserController::update",
    "timestamp": "2024-10-24 21:16:14"
}
====================================
{
    "httpMethod": "POST",
    "code": "23000",
    "sqlState": "23000",
    "sqlMessage": 1062,
    "line": 69,
    "message": "SQLSTATE[23000]: Integrity constraint violation: 1062 Duplicate entry '26142326' for key 'usuarios.cedula'",
    "pdoCode": "Duplicate entry '26142326' for key 'usuarios.cedula'",
    "file": "C:\\xampp\\htdocs\\www\\proyectos\\condominium-system\\core\\Database\\Connection.php",
    "className": "App\\Controllers\\UserController",
    "methodName": "App\\Controllers\\UserController::update",
    "timestamp": "2024-10-24 21:17:52"
}
====================================
{
    "httpMethod": "POST",
    "code": "42000",
    "sqlState": "42000",
    "sqlMessage": 1064,
    "line": 69,
    "message": "SQLSTATE[42000]: Syntax error or access violation: 1064 You have an error in your SQL syntax; check the manual that corresponds to your MySQL server version for the right syntax to use near 'RETURNING *' at line 1",
    "pdoCode": "You have an error in your SQL syntax; check the manual that corresponds to your MySQL server version for the right syntax to use near 'RETURNING *' at line 1",
    "file": "C:\\xampp\\htdocs\\www\\proyectos\\condominium-system\\core\\Database\\Connection.php",
    "className": "App\\Controllers\\UserController",
    "methodName": "App\\Controllers\\UserController::update",
    "timestamp": "2024-10-24 21:21:29"
}
====================================
{
    "httpMethod": "POST",
    "code": "42000",
    "sqlState": "42000",
    "sqlMessage": 1064,
    "line": 69,
    "message": "SQLSTATE[42000]: Syntax error or access violation: 1064 You have an error in your SQL syntax; check the manual that corresponds to your MySQL server version for the right syntax to use near 'RETURNING *' at line 1",
    "pdoCode": "You have an error in your SQL syntax; check the manual that corresponds to your MySQL server version for the right syntax to use near 'RETURNING *' at line 1",
    "file": "C:\\xampp\\htdocs\\www\\proyectos\\condominium-system\\core\\Database\\Connection.php",
    "className": "App\\Controllers\\UserController",
    "methodName": "App\\Controllers\\UserController::update",
    "timestamp": "2024-10-24 21:26:36"
}
====================================
{
    "httpMethod": "GET",
    "code": "42S02",
    "sqlState": "42S02",
    "sqlMessage": 1146,
    "line": 69,
    "message": "SQLSTATE[42S02]: Base table or view not found: 1146 Table 'condominium-system.usuarios' doesn't exist",
    "pdoCode": "Table 'condominium-system.usuarios' doesn't exist",
    "file": "C:\\xampp\\htdocs\\dashboard\\www\\condominium-system\\core\\Database\\Connection.php",
    "className": "App\\Controllers\\UserController",
    "methodName": "App\\Controllers\\UserController::getAll",
    "timestamp": "2024-10-24 20:15:24"
}
====================================
{
    "httpMethod": "GET",
    "code": "42S02",
    "sqlState": "42S02",
    "sqlMessage": 1146,
    "line": 69,
    "message": "SQLSTATE[42S02]: Base table or view not found: 1146 Table 'condominium-system.usuarios' doesn't exist",
    "pdoCode": "Table 'condominium-system.usuarios' doesn't exist",
    "file": "C:\\xampp\\htdocs\\dashboard\\www\\condominium-system\\core\\Database\\Connection.php",
    "className": "App\\Controllers\\UserController",
    "methodName": "App\\Controllers\\UserController::getAll",
    "timestamp": "2024-10-24 20:16:35"
}
====================================
{
    "httpMethod": "GET",
    "code": "42S02",
    "sqlState": "42S02",
    "sqlMessage": 1146,
    "line": 69,
    "message": "SQLSTATE[42S02]: Base table or view not found: 1146 Table 'condominium-system.usuarios' doesn't exist",
    "pdoCode": "Table 'condominium-system.usuarios' doesn't exist",
    "file": "C:\\xampp\\htdocs\\dashboard\\www\\condominium-system\\core\\Database\\Connection.php",
    "className": "App\\Controllers\\UserController",
    "methodName": "App\\Controllers\\UserController::getAll",
    "timestamp": "2024-10-24 20:16:53"
}
====================================
{
    "httpMethod": "GET",
    "code": "42S02",
    "sqlState": "42S02",
    "sqlMessage": 1146,
    "line": 69,
    "message": "SQLSTATE[42S02]: Base table or view not found: 1146 Table 'condominium-system.usuarios' doesn't exist",
    "pdoCode": "Table 'condominium-system.usuarios' doesn't exist",
    "file": "C:\\xampp\\htdocs\\dashboard\\www\\condominium-system\\core\\Database\\Connection.php",
    "className": "App\\Controllers\\UserController",
    "methodName": "App\\Controllers\\UserController::getAll",
    "timestamp": "2024-10-24 20:17:00"
}
====================================
{
    "httpMethod": "GET",
    "code": "42S02",
    "sqlState": "42S02",
    "sqlMessage": 1146,
    "line": 69,
    "message": "SQLSTATE[42S02]: Base table or view not found: 1146 Table 'condominium-system.usuarios' doesn't exist",
    "pdoCode": "Table 'condominium-system.usuarios' doesn't exist",
    "file": "C:\\xampp\\htdocs\\dashboard\\www\\condominium-system\\core\\Database\\Connection.php",
    "className": "App\\Controllers\\UserController",
    "methodName": "App\\Controllers\\UserController::getAll",
    "timestamp": "2024-10-24 20:17:08"
}
====================================
{
    "httpMethod": "GET",
    "code": "42S02",
    "sqlState": "42S02",
    "sqlMessage": 1146,
    "line": 69,
    "message": "SQLSTATE[42S02]: Base table or view not found: 1146 Table 'condominium-system.usuarios' doesn't exist",
    "pdoCode": "Table 'condominium-system.usuarios' doesn't exist",
    "file": "C:\\xampp\\htdocs\\dashboard\\www\\condominium-system\\core\\Database\\Connection.php",
    "className": "App\\Controllers\\UserController",
    "methodName": "App\\Controllers\\UserController::getAll",
    "timestamp": "2024-10-24 20:18:21"
}
====================================
{
    "httpMethod": "GET",
    "code": "42S02",
    "sqlState": "42S02",
    "sqlMessage": 1146,
    "line": 69,
    "message": "SQLSTATE[42S02]: Base table or view not found: 1146 Table 'condominium-system.usuarios' doesn't exist",
    "pdoCode": "Table 'condominium-system.usuarios' doesn't exist",
    "file": "C:\\xampp\\htdocs\\dashboard\\www\\condominium-system\\core\\Database\\Connection.php",
    "className": "App\\Controllers\\UserController",
    "methodName": "App\\Controllers\\UserController::getAll",
    "timestamp": "2024-10-24 20:19:08"
}
====================================
{
    "httpMethod": "GET",
    "code": "42S02",
    "sqlState": "42S02",
    "sqlMessage": 1146,
    "line": 69,
    "message": "SQLSTATE[42S02]: Base table or view not found: 1146 Table 'condominium-system.usuarios' doesn't exist",
    "pdoCode": "Table 'condominium-system.usuarios' doesn't exist",
    "file": "C:\\xampp\\htdocs\\dashboard\\www\\condominium-system\\core\\Database\\Connection.php",
    "className": "App\\Controllers\\UserController",
    "methodName": "App\\Controllers\\UserController::getAll",
    "timestamp": "2024-10-24 20:19:28"
}
====================================
{
    "httpMethod": "GET",
    "code": "42S02",
    "sqlState": "42S02",
    "sqlMessage": 1146,
    "line": 69,
    "message": "SQLSTATE[42S02]: Base table or view not found: 1146 Table 'condominium-system.usuarios' doesn't exist",
    "pdoCode": "Table 'condominium-system.usuarios' doesn't exist",
    "file": "C:\\xampp\\htdocs\\dashboard\\www\\condominium-system\\core\\Database\\Connection.php",
    "className": "App\\Controllers\\UserController",
    "methodName": "App\\Controllers\\UserController::getAll",
    "timestamp": "2024-10-24 20:19:34"
}
====================================
{
    "httpMethod": "GET",
    "code": "42S02",
    "sqlState": "42S02",
    "sqlMessage": 1146,
    "line": 69,
    "message": "SQLSTATE[42S02]: Base table or view not found: 1146 Table 'condominium-system.usuarios' doesn't exist",
    "pdoCode": "Table 'condominium-system.usuarios' doesn't exist",
    "file": "C:\\xampp\\htdocs\\dashboard\\www\\condominium-system\\core\\Database\\Connection.php",
    "className": "App\\Controllers\\UserController",
    "methodName": "App\\Controllers\\UserController::getAll",
    "timestamp": "2024-10-24 20:20:05"
}
====================================
{
    "httpMethod": "GET",
    "code": "42S02",
    "sqlState": "42S02",
    "sqlMessage": 1146,
    "line": 69,
    "message": "SQLSTATE[42S02]: Base table or view not found: 1146 Table 'condominium-system.usuarios' doesn't exist",
    "pdoCode": "Table 'condominium-system.usuarios' doesn't exist",
    "file": "C:\\xampp\\htdocs\\dashboard\\www\\condominium-system\\core\\Database\\Connection.php",
    "className": "App\\Controllers\\UserController",
    "methodName": "App\\Controllers\\UserController::getAll",
    "timestamp": "2024-10-24 20:20:08"
}
====================================
{
    "httpMethod": "GET",
    "code": "42S02",
    "sqlState": "42S02",
    "sqlMessage": 1146,
    "line": 69,
    "message": "SQLSTATE[42S02]: Base table or view not found: 1146 Table 'condominium-system.usuarios' doesn't exist",
    "pdoCode": "Table 'condominium-system.usuarios' doesn't exist",
    "file": "C:\\xampp\\htdocs\\dashboard\\www\\condominium-system\\core\\Database\\Connection.php",
    "className": "App\\Controllers\\UserController",
    "methodName": "App\\Controllers\\UserController::getAll",
    "timestamp": "2024-10-24 20:20:11"
}
====================================
{
    "httpMethod": "GET",
    "code": "42S02",
    "sqlState": "42S02",
    "sqlMessage": 1146,
    "line": 69,
    "message": "SQLSTATE[42S02]: Base table or view not found: 1146 Table 'condominium-system.usuarios' doesn't exist",
    "pdoCode": "Table 'condominium-system.usuarios' doesn't exist",
    "file": "C:\\xampp\\htdocs\\dashboard\\www\\condominium-system\\core\\Database\\Connection.php",
    "className": "App\\Controllers\\UserController",
    "methodName": "App\\Controllers\\UserController::getAll",
    "timestamp": "2024-10-24 20:20:17"
}
====================================
{
    "httpMethod": "GET",
    "code": "42S02",
    "sqlState": "42S02",
    "sqlMessage": 1146,
    "line": 69,
    "message": "SQLSTATE[42S02]: Base table or view not found: 1146 Table 'condominium-system.usuarios' doesn't exist",
    "pdoCode": "Table 'condominium-system.usuarios' doesn't exist",
    "file": "C:\\xampp\\htdocs\\dashboard\\www\\condominium-system\\core\\Database\\Connection.php",
    "className": "App\\Controllers\\UserController",
    "methodName": "App\\Controllers\\UserController::getAll",
    "timestamp": "2024-10-24 20:20:20"
}
====================================
{
    "httpMethod": "GET",
    "code": "42S02",
    "sqlState": "42S02",
    "sqlMessage": 1146,
    "line": 69,
    "message": "SQLSTATE[42S02]: Base table or view not found: 1146 Table 'condominium-system.usuarios' doesn't exist",
    "pdoCode": "Table 'condominium-system.usuarios' doesn't exist",
    "file": "C:\\xampp\\htdocs\\dashboard\\www\\condominium-system\\core\\Database\\Connection.php",
    "className": "App\\Controllers\\UserController",
    "methodName": "App\\Controllers\\UserController::getAll",
    "timestamp": "2024-10-24 20:21:49"
}
====================================
{
    "httpMethod": "GET",
    "code": "42S02",
    "sqlState": "42S02",
    "sqlMessage": 1146,
    "line": 69,
    "message": "SQLSTATE[42S02]: Base table or view not found: 1146 Table 'condominium-system.usuarios' doesn't exist",
    "pdoCode": "Table 'condominium-system.usuarios' doesn't exist",
    "file": "C:\\xampp\\htdocs\\dashboard\\www\\condominium-system\\core\\Database\\Connection.php",
    "className": "App\\Controllers\\UserController",
    "methodName": "App\\Controllers\\UserController::getAll",
    "timestamp": "2024-10-24 20:22:27"
}
====================================
{
    "httpMethod": "GET",
    "code": "42S02",
    "sqlState": "42S02",
    "sqlMessage": 1146,
    "line": 69,
    "message": "SQLSTATE[42S02]: Base table or view not found: 1146 Table 'condominium-system.usuarios' doesn't exist",
    "pdoCode": "Table 'condominium-system.usuarios' doesn't exist",
    "file": "C:\\xampp\\htdocs\\dashboard\\www\\condominium-system\\core\\Database\\Connection.php",
    "className": "App\\Controllers\\UserController",
    "methodName": "App\\Controllers\\UserController::getAll",
    "timestamp": "2024-10-24 20:22:35"
}
====================================
{
    "httpMethod": "GET",
    "code": "42S02",
    "sqlState": "42S02",
    "sqlMessage": 1146,
    "line": 69,
    "message": "SQLSTATE[42S02]: Base table or view not found: 1146 Table 'condominium-system.usuarios' doesn't exist",
    "pdoCode": "Table 'condominium-system.usuarios' doesn't exist",
    "file": "C:\\xampp\\htdocs\\dashboard\\www\\condominium-system\\core\\Database\\Connection.php",
    "className": "App\\Controllers\\UserController",
    "methodName": "App\\Controllers\\UserController::getAll",
    "timestamp": "2024-10-24 20:23:10"
}
====================================
{
    "httpMethod": "GET",
    "code": "42S02",
    "sqlState": "42S02",
    "sqlMessage": 1146,
    "line": 69,
    "message": "SQLSTATE[42S02]: Base table or view not found: 1146 Table 'condominium-system.usuarios' doesn't exist",
    "pdoCode": "Table 'condominium-system.usuarios' doesn't exist",
    "file": "C:\\xampp\\htdocs\\dashboard\\www\\condominium-system\\core\\Database\\Connection.php",
    "className": "App\\Controllers\\UserController",
    "methodName": "App\\Controllers\\UserController::getAll",
    "timestamp": "2024-10-24 20:23:38"
}
====================================
{
    "httpMethod": "GET",
    "code": "42S02",
    "sqlState": "42S02",
    "sqlMessage": 1146,
    "line": 69,
    "message": "SQLSTATE[42S02]: Base table or view not found: 1146 Table 'condominium-system.usuarios' doesn't exist",
    "pdoCode": "Table 'condominium-system.usuarios' doesn't exist",
    "file": "C:\\xampp\\htdocs\\dashboard\\www\\condominium-system\\core\\Database\\Connection.php",
    "className": "App\\Controllers\\UserController",
    "methodName": "App\\Controllers\\UserController::getAll",
    "timestamp": "2024-10-24 20:23:44"
}
====================================
{
    "httpMethod": "GET",
    "code": "42S02",
    "sqlState": "42S02",
    "sqlMessage": 1146,
    "line": 69,
    "message": "SQLSTATE[42S02]: Base table or view not found: 1146 Table 'condominium-system.usuarios' doesn't exist",
    "pdoCode": "Table 'condominium-system.usuarios' doesn't exist",
    "file": "C:\\xampp\\htdocs\\dashboard\\www\\condominium-system\\core\\Database\\Connection.php",
    "className": "App\\Controllers\\UserController",
    "methodName": "App\\Controllers\\UserController::getAll",
    "timestamp": "2024-10-24 20:24:08"
}
